# JRE version: Java(TM) SE Runtime Environment (17.0.1+12) (build 17.0.1+12-LTS-39)
# Java VM: Java HotSpot(TM) 64-Bit Server VM (17.0.1+12-LTS-39, mixed mode, emulated-client, sharing, tiered, compressed oops, compressed class ptrs, g1 gc, linux-amd64)
GC Precious Log:
 CPUs: 8 total, 8 available
 Memory: 7846M
 Large Page Support: Disabled
 NUMA Support: Disabled
 Compressed Oops: Enabled (32-bit)
 Heap Region Size: 1M
 Heap Min Capacity: 8M
 Heap Initial Capacity: 124M
 Heap Max Capacity: 1962M
 Pre-touch: Disabled
 Parallel Workers: 8
 Concurrent Workers: 2
 Concurrent Refinement Workers: 8
 Periodic GC: Disabled
Heap:
 garbage-first heap   total 75776K, used 44649K [0x0000000085600000, 0x0000000100000000)
  region size 1024K, 21 young (21504K), 4 survivors (4096K)
 Metaspace       used 44687K, committed 45184K, reserved 1089536K
  class space    used 6188K, committed 6400K, reserved 1048576K
GC Heap History (20 events):
Event: 2.456 GC heap before
{Heap before GC invocations=6 (full 0):
 garbage-first heap   total 45056K, used 31578K [0x0000000085600000, 0x0000000100000000)
  region size 1024K, 19 young (19456K), 3 survivors (3072K)
 Metaspace       used 27443K, committed 27840K, reserved 1081344K
  class space    used 3691K, committed 3904K, reserved 1048576K
}
Event: 2.464 GC heap after
{Heap after GC invocations=7 (full 0):
 garbage-first heap   total 45056K, used 16730K [0x0000000085600000, 0x0000000100000000)
  region size 1024K, 2 young (2048K), 2 survivors (2048K)
 Metaspace       used 27443K, committed 27840K, reserved 1081344K
  class space    used 3691K, committed 3904K, reserved 1048576K
}
Event: 2.770 GC heap before
{Heap before GC invocations=7 (full 0):
 garbage-first heap   total 45056K, used 33114K [0x0000000085600000, 0x0000000100000000)
  region size 1024K, 18 young (18432K), 2 survivors (2048K)
 Metaspace       used 28647K, committed 28992K, reserved 1081344K
  class space    used 3917K, committed 4096K, reserved 1048576K
}
Event: 2.779 GC heap after
{Heap after GC invocations=8 (full 0):
 garbage-first heap   total 61440K, used 17479K [0x0000000085600000, 0x0000000100000000)
  region size 1024K, 3 young (3072K), 3 survivors (3072K)
 Metaspace       used 28647K, committed 28992K, reserved 1081344K
  class space    used 3917K, committed 4096K, reserved 1048576K
}
Event: 3.264 GC heap before
{Heap before GC invocations=8 (full 0):
 garbage-first heap   total 61440K, used 43079K [0x0000000085600000, 0x0000000100000000)
  region size 1024K, 29 young (29696K), 3 survivors (3072K)
 Metaspace       used 33320K, committed 33728K, reserved 1081344K
  class space    used 4541K, committed 4736K, reserved 1048576K
}
Event: 3.273 GC heap after
{Heap after GC invocations=9 (full 0):
 garbage-first heap   total 61440K, used 19735K [0x0000000085600000, 0x0000000100000000)
  region size 1024K, 4 young (4096K), 4 survivors (4096K)
 Metaspace       used 33320K, committed 33728K, reserved 1081344K
  class space    used 4541K, committed 4736K, reserved 1048576K
}
Event: 3.569 GC heap before
{Heap before GC invocations=9 (full 0):
 garbage-first heap   total 61440K, used 46359K [0x0000000085600000, 0x0000000100000000)
  region size 1024K, 29 young (29696K), 4 survivors (4096K)
 Metaspace       used 35670K, committed 36032K, reserved 1081344K
  class space    used 4826K, committed 4992K, reserved 1048576K
}
Event: 3.579 GC heap after
{Heap after GC invocations=10 (full 0):
 garbage-first heap   total 61440K, used 22278K [0x0000000085600000, 0x0000000100000000)
  region size 1024K, 2 young (2048K), 2 survivors (2048K)
 Metaspace       used 35670K, committed 36032K, reserved 1081344K
  class space    used 4826K, committed 4992K, reserved 1048576K
}
Event: 3.600 GC heap before
{Heap before GC invocations=10 (full 0):
 garbage-first heap   total 61440K, used 26374K [0x0000000085600000, 0x0000000100000000)
  region size 1024K, 8 young (8192K), 2 survivors (2048K)
 Metaspace       used 35756K, committed 36160K, reserved 1081344K
  class space    used 4834K, committed 5056K, reserved 1048576K
}
Event: 3.604 GC heap after
{Heap after GC invocations=11 (full 0):
 garbage-first heap   total 61440K, used 21170K [0x0000000085600000, 0x0000000100000000)
  region size 1024K, 2 young (2048K), 2 survivors (2048K)
 Metaspace       used 35756K, committed 36160K, reserved 1081344K
  class space    used 4834K, committed 5056K, reserved 1048576K
}
Event: 3.962 GC heap before
{Heap before GC invocations=12 (full 0):
 garbage-first heap   total 61440K, used 47794K [0x0000000085600000, 0x0000000100000000)
  region size 1024K, 28 young (28672K), 2 survivors (2048K)
 Metaspace       used 36882K, committed 37312K, reserved 1081344K
  class space    used 5040K, committed 5248K, reserved 1048576K
}
Event: 3.972 GC heap after
{Heap after GC invocations=13 (full 0):
 garbage-first heap   total 61440K, used 22120K [0x0000000085600000, 0x0000000100000000)
  region size 1024K, 3 young (3072K), 3 survivors (3072K)
 Metaspace       used 36882K, committed 37312K, reserved 1081344K
  class space    used 5040K, committed 5248K, reserved 1048576K
}
Event: 4.319 GC heap before
{Heap before GC invocations=13 (full 0):
 garbage-first heap   total 61440K, used 48744K [0x0000000085600000, 0x0000000100000000)
  region size 1024K, 29 young (29696K), 3 survivors (3072K)
 Metaspace       used 38215K, committed 38656K, reserved 1089536K
  class space    used 5239K, committed 5440K, reserved 1048576K
}
Event: 4.325 GC heap after
{Heap after GC invocations=14 (full 0):
 garbage-first heap   total 75776K, used 22935K [0x0000000085600000, 0x0000000100000000)
  region size 1024K, 2 young (2048K), 2 survivors (2048K)
 Metaspace       used 38215K, committed 38656K, reserved 1089536K
  class space    used 5239K, committed 5440K, reserved 1048576K
}
Event: 4.721 GC heap before
{Heap before GC invocations=14 (full 0):
 garbage-first heap   total 75776K, used 59799K [0x0000000085600000, 0x0000000100000000)
  region size 1024K, 38 young (38912K), 2 survivors (2048K)
 Metaspace       used 39446K, committed 39872K, reserved 1089536K
  class space    used 5437K, committed 5632K, reserved 1048576K
}
Event: 4.725 GC heap after
{Heap after GC invocations=15 (full 0):
 garbage-first heap   total 75776K, used 24872K [0x0000000085600000, 0x0000000100000000)
  region size 1024K, 4 young (4096K), 4 survivors (4096K)
 Metaspace       used 39446K, committed 39872K, reserved 1089536K
  class space    used 5437K, committed 5632K, reserved 1048576K
}
Event: 5.089 GC heap before
{Heap before GC invocations=15 (full 0):
 garbage-first heap   total 75776K, used 59688K [0x0000000085600000, 0x0000000100000000)
  region size 1024K, 38 young (38912K), 4 survivors (4096K)
 Metaspace       used 41143K, committed 41536K, reserved 1089536K
  class space    used 5677K, committed 5888K, reserved 1048576K
}
Event: 5.094 GC heap after
{Heap after GC invocations=16 (full 0):
 garbage-first heap   total 75776K, used 26511K [0x0000000085600000, 0x0000000100000000)
  region size 1024K, 4 young (4096K), 4 survivors (4096K)
 Metaspace       used 41143K, committed 41536K, reserved 1089536K
  class space    used 5677K, committed 5888K, reserved 1048576K
}
Event: 5.503 GC heap before
{Heap before GC invocations=16 (full 0):
 garbage-first heap   total 75776K, used 59279K [0x0000000085600000, 0x0000000100000000)
  region size 1024K, 36 young (36864K), 4 survivors (4096K)
 Metaspace       used 42097K, committed 42560K, reserved 1089536K
  class space    used 5825K, committed 6016K, reserved 1048576K
}
Event: 5.508 GC heap after
{Heap after GC invocations=17 (full 0):
 garbage-first heap   total 75776K, used 28265K [0x0000000085600000, 0x0000000100000000)
  region size 1024K, 4 young (4096K), 4 survivors (4096K)
 Metaspace       used 42097K, committed 42560K, reserved 1089536K
  class space    used 5825K, committed 6016K, reserved 1048576K
}

